0 info it worked if it ends with ok
1 verbose cli [ '/Users/josep/.nvm/versions/node/v4.2.1/bin/node',
1 verbose cli   '/Users/josep/.nvm/versions/node/v4.2.1/bin/npm',
1 verbose cli   'install' ]
2 info using npm@2.14.7
3 info using node@v4.2.1
4 verbose readDependencies loading dependencies from /Users/josep/Dropbox/Uoc/Master aplicacions multimedia/TFM/src/usersApp/package.json
5 error install Couldn't read dependencies
6 verbose stack Error: Invalid name: "TFM - Users app"
6 verbose stack     at ensureValidName (/Users/josep/.nvm/versions/node/v4.2.1/lib/node_modules/npm/node_modules/normalize-package-data/lib/fixer.js:331:15)
6 verbose stack     at Object.module.exports.fixNameField (/Users/josep/.nvm/versions/node/v4.2.1/lib/node_modules/npm/node_modules/normalize-package-data/lib/fixer.js:210:5)
6 verbose stack     at /Users/josep/.nvm/versions/node/v4.2.1/lib/node_modules/npm/node_modules/normalize-package-data/lib/normalize.js:32:38
6 verbose stack     at Array.forEach (native)
6 verbose stack     at normalize (/Users/josep/.nvm/versions/node/v4.2.1/lib/node_modules/npm/node_modules/normalize-package-data/lib/normalize.js:31:15)
6 verbose stack     at final (/Users/josep/.nvm/versions/node/v4.2.1/lib/node_modules/npm/node_modules/read-package-json/read-json.js:338:5)
6 verbose stack     at then (/Users/josep/.nvm/versions/node/v4.2.1/lib/node_modules/npm/node_modules/read-package-json/read-json.js:113:5)
6 verbose stack     at /Users/josep/.nvm/versions/node/v4.2.1/lib/node_modules/npm/node_modules/read-package-json/read-json.js:300:12
6 verbose stack     at /Users/josep/.nvm/versions/node/v4.2.1/lib/node_modules/npm/node_modules/graceful-fs/graceful-fs.js:76:16
6 verbose stack     at FSReqWrap.readFileAfterClose [as oncomplete] (fs.js:380:3)
7 verbose cwd /Users/josep/Dropbox/Uoc/Master aplicacions multimedia/TFM/src/usersApp
8 error Darwin 15.0.0
9 error argv "/Users/josep/.nvm/versions/node/v4.2.1/bin/node" "/Users/josep/.nvm/versions/node/v4.2.1/bin/npm" "install"
10 error node v4.2.1
11 error npm  v2.14.7
12 error Invalid name: "TFM - Users app"
13 error If you need help, you may report this error at:
13 error     <https://github.com/npm/npm/issues>
14 verbose exit [ 1, true ]
